Determining if the pthread_create exist failed with the following output:
Change Dir: /home/vincent/vincent_dev/gazebo_ws/build/CMakeFiles/CMakeTmp

Run Build Command:"/usr/bin/make" "cmTC_19d26/fast"
/usr/bin/make -f CMakeFiles/cmTC_19d26.dir/build.make CMakeFiles/cmTC_19d26.dir/build
make[1]: Entering directory '/home/vincent/vincent_dev/gazebo_ws/build/CMakeFiles/CMakeTmp'
Building C object CMakeFiles/cmTC_19d26.dir/CheckSymbolExists.c.o
/usr/bin/cc    -o CMakeFiles/cmTC_19d26.dir/CheckSymbolExists.c.o   -c /home/vincent/vincent_dev/gazebo_ws/build/CMakeFiles/CMakeTmp/CheckSymbolExists.c
Linking C executable cmTC_19d26
/usr/bin/cmake -E cmake_link_script CMakeFiles/cmTC_19d26.dir/link.txt --verbose=1
/usr/bin/cc      -rdynamic CMakeFiles/cmTC_19d26.dir/CheckSymbolExists.c.o  -o cmTC_19d26 
CMakeFiles/cmTC_19d26.dir/CheckSymbolExists.c.o: In function `main':
CheckSymbolExists.c:(.text+0x14): undefined reference to `pthread_create'
CheckSymbolExists.c:(.text+0x18): undefined reference to `pthread_create'
collect2: error: ld returned 1 exit status
CMakeFiles/cmTC_19d26.dir/build.make:97: recipe for target 'cmTC_19d26' failed
make[1]: *** [cmTC_19d26] Error 1
make[1]: Leaving directory '/home/vincent/vincent_dev/gazebo_ws/build/CMakeFiles/CMakeTmp'
Makefile:126: recipe for target 'cmTC_19d26/fast' failed
make: *** [cmTC_19d26/fast] Error 2

File /home/vincent/vincent_dev/gazebo_ws/build/CMakeFiles/CMakeTmp/CheckSymbolExists.c:
/* */
#include <pthread.h>

int main(int argc, char** argv)
{
  (void)argv;
#ifndef pthread_create
  return ((int*)(&pthread_create))[argc];
#else
  (void)argc;
  return 0;
#endif
}

Determining if the function pthread_create exists in the pthreads failed with the following output:
Change Dir: /home/vincent/vincent_dev/gazebo_ws/build/CMakeFiles/CMakeTmp

Run Build Command:"/usr/bin/make" "cmTC_af653/fast"
/usr/bin/make -f CMakeFiles/cmTC_af653.dir/build.make CMakeFiles/cmTC_af653.dir/build
make[1]: Entering directory '/home/vincent/vincent_dev/gazebo_ws/build/CMakeFiles/CMakeTmp'
Building C object CMakeFiles/cmTC_af653.dir/CheckFunctionExists.c.o
/usr/bin/cc   -DCHECK_FUNCTION_EXISTS=pthread_create   -o CMakeFiles/cmTC_af653.dir/CheckFunctionExists.c.o   -c /usr/share/cmake-3.10/Modules/CheckFunctionExists.c
Linking C executable cmTC_af653
/usr/bin/cmake -E cmake_link_script CMakeFiles/cmTC_af653.dir/link.txt --verbose=1
/usr/bin/cc  -DCHECK_FUNCTION_EXISTS=pthread_create    -rdynamic CMakeFiles/cmTC_af653.dir/CheckFunctionExists.c.o  -o cmTC_af653 -lpthreads 
/usr/bin/ld: cannot find -lpthreads
collect2: error: ld returned 1 exit status
CMakeFiles/cmTC_af653.dir/build.make:97: recipe for target 'cmTC_af653' failed
make[1]: *** [cmTC_af653] Error 1
make[1]: Leaving directory '/home/vincent/vincent_dev/gazebo_ws/build/CMakeFiles/CMakeTmp'
Makefile:126: recipe for target 'cmTC_af653/fast' failed
make: *** [cmTC_af653/fast] Error 2


